<?xml version="1.0" encoding="UTF-8"?>
<!-- Generated by org.testng.reporters.JUnitReportReporter -->
<testsuite hostname="DESKTOP-7EUDCAL" failures="0" tests="2" name="Groups.GroupTest" time="0.016" errors="0" timestamp="2025-06-26T23:06:13 GMT-03:00" skipped="0">
  <testcase classname="Groups.GroupTest" name="test2" time="0.001"/>
  <system-out/>
  <testcase classname="Groups.GroupTest" name="test1" time="0.015"/>
  <system-out/>
</testsuite> <!-- Groups.GroupTest -->
