<?xml version="1.0" encoding="UTF-8"?>
<!-- Generated by org.testng.reporters.JUnitReportReporter -->
<testsuite hostname="DESKTOP-7EUDCAL" failures="0" tests="3" name="Parallel.Parallel_Execution" time="43.227" errors="0" timestamp="2025-06-27T22:05:56 GMT-03:00" skipped="0">
  <testcase classname="Parallel.Parallel_Execution" name="test1" time="13.986"/>
  <system-out/>
  <testcase classname="Parallel.Parallel_Execution" name="test3" time="14.833"/>
  <system-out/>
  <testcase classname="Parallel.Parallel_Execution" name="test2" time="14.408"/>
  <system-out/>
</testsuite> <!-- Parallel.Parallel_Execution -->
