<?xml version="1.0" encoding="UTF-8"?>
<!-- Generated by org.testng.reporters.JUnitReportReporter -->
<testsuite hostname="DESKTOP-7EUDCAL" failures="0" tests="2" name="Parameters.ParameterTest" time="0.035" errors="0" timestamp="2025-06-27T22:11:47 GMT-03:00" skipped="0">
  <testcase classname="Parameters.ParameterTest" name="logintest" time="0.003"/>
  <system-out/>
  <testcase classname="Parameters.ParameterTest" name="logintest" time="0.032"/>
  <system-out/>
</testsuite> <!-- Parameters.ParameterTest -->
