<?xml version="1.0" encoding="UTF-8"?>
<!-- Generated by org.testng.reporters.JUnitReportReporter -->
<testsuite hostname="DESKTOP-7EUDCAL" failures="0" tests="4" name="DataProvider.DataProviderEx" time="0.018" errors="0" timestamp="2025-06-26T22:17:55 GMT-03:00" skipped="0">
  <testcase classname="DataProvider.DataProviderEx" name="method" time="0.012"/>
  <system-out/>
  <testcase classname="DataProvider.DataProviderEx" name="method" time="0.002"/>
  <system-out/>
  <testcase classname="DataProvider.DataProviderEx" name="method" time="0.002"/>
  <system-out/>
  <testcase classname="DataProvider.DataProviderEx" name="method" time="0.002"/>
  <system-out/>
</testsuite> <!-- DataProvider.DataProviderEx -->
