<?xml version="1.0" encoding="UTF-8"?>
<!-- Generated by org.testng.reporters.JUnitReportReporter -->
<testsuite hostname="DESKTOP-7EUDCAL" failures="0" tests="3" name="DataProvider.Logindataprovider" time="19.409" errors="0" timestamp="2025-06-26T22:22:27 GMT-03:00" skipped="0">
  <testcase classname="DataProvider.Logindataprovider" name="login" time="7.173"/>
  <system-out/>
  <testcase classname="DataProvider.Logindataprovider" name="login" time="3.635"/>
  <system-out/>
  <testcase classname="DataProvider.Logindataprovider" name="login" time="8.601"/>
  <system-out/>
</testsuite> <!-- DataProvider.Logindataprovider -->
