<?xml version="1.0" encoding="UTF-8"?>
<!-- Generated by org.testng.reporters.JUnitReportReporter -->
<testsuite hostname="DESKTOP-7EUDCAL" failures="0" tests="1" name="com.sauce.testcases.HomeTest" time="4.949" errors="0" timestamp="2025-07-06T01:00:17 GMT-03:00" skipped="0">
  <testcase classname="com.sauce.testcases.HomeTest" name="addCart" time="4.949"/>
  <system-out/>
</testsuite> <!-- com.sauce.testcases.HomeTest -->
