<?xml version="1.0" encoding="UTF-8"?>
<!-- Generated by org.testng.reporters.JUnitReportReporter -->
<testsuite hostname="DESKTOP-7EUDCAL" failures="0" tests="2" name="com.sauce.testcases.LoginTest" time="11.298" errors="0" timestamp="2025-07-06T01:00:17 GMT-03:00" skipped="0">
  <testcase classname="com.sauce.testcases.LoginTest" name="validLogin" time="6.813"/>
  <system-out/>
  <testcase classname="com.sauce.testcases.LoginTest" name="invalidLogin" time="4.485"/>
  <system-out/>
</testsuite> <!-- com.sauce.testcases.LoginTest -->
