<?xml version="1.0" encoding="UTF-8"?>
<!-- Generated by org.testng.reporters.JUnitReportReporter -->
<testsuite hostname="DESKTOP-7EUDCAL" failures="0" tests="1" name="com.sauce.testcases.HomeTest" time="6.152" errors="0" timestamp="2025-06-30T22:55:16 GMT-03:00" skipped="0">
  <testcase classname="com.sauce.testcases.HomeTest" name="addCart" time="6.152"/>
  <system-out/>
</testsuite> <!-- com.sauce.testcases.HomeTest -->
