<?xml version="1.0" encoding="UTF-8"?>
<!-- Generated by org.testng.reporters.JUnitReportReporter -->
<testsuite hostname="DESKTOP-7EUDCAL" failures="0" tests="2" name="com.sauce.testcases.LoginTest" time="10.859" errors="0" timestamp="2025-06-30T23:07:23 GMT-03:00" skipped="0">
  <testcase classname="com.sauce.testcases.LoginTest" name="validLogin" time="4.308"/>
  <system-out/>
  <testcase classname="com.sauce.testcases.LoginTest" name="invalidLogin" time="6.551"/>
  <system-out/>
</testsuite> <!-- com.sauce.testcases.LoginTest -->
