<?xml version="1.0" encoding="UTF-8"?>
<!-- Generated by org.testng.reporters.JUnitReportReporter -->
<testsuite hostname="DESKTOP-7EUDCAL" failures="0" tests="2" name="LoginTest" time="6.377" errors="0" timestamp="2025-06-24T22:16:54 GMT-03:00" skipped="0">
  <testcase classname="LoginTest" name="invalidLogin" time="3.824"/>
  <system-out/>
  <testcase classname="LoginTest" name="validLogin" time="2.553"/>
  <system-out/>
</testsuite> <!-- LoginTest -->
