<?xml version="1.0" encoding="UTF-8"?>
<!-- Generated by org.testng.reporters.JUnitReportReporter -->
<testsuite hostname="DESKTOP-7EUDCAL" failures="0" tests="3" name="AnnotationsEx.AnnotationsEg" time="0.014" errors="0" timestamp="2025-06-25T22:38:39 GMT-03:00" skipped="0">
  <testcase classname="AnnotationsEx.AnnotationsEg" name="method1" time="0.009"/>
  <system-out/>
  <testcase classname="AnnotationsEx.AnnotationsEg" name="method3" time="0.002"/>
  <system-out/>
  <testcase classname="AnnotationsEx.AnnotationsEg" name="method2" time="0.003"/>
  <system-out/>
</testsuite> <!-- AnnotationsEx.AnnotationsEg -->
