<?xml version="1.0" encoding="UTF-8"?>
<!-- Generated by org.testng.reporters.JUnitReportReporter -->
<testsuite hostname="DESKTOP-7EUDCAL" failures="0" tests="1" name="SauceTests.AddToCartTest" time="3.089" errors="0" timestamp="2025-06-25T22:16:27 GMT-03:00" skipped="0">
  <testcase classname="SauceTests.AddToCartTest" name="addcart" time="3.089"/>
  <system-out/>
</testsuite> <!-- SauceTests.AddToCartTest -->
