<?xml version="1.0" encoding="UTF-8"?>
<!-- Generated by org.testng.reporters.JUnitReportReporter -->
<testsuite hostname="DESKTOP-7EUDCAL" failures="0" tests="3" name="Ignore.Enable_Ignore_Tests" time="0.018" errors="0" timestamp="2025-06-25T22:51:55 GMT-03:00" skipped="2">
  <testcase classname="Ignore.Enable_Ignore_Tests" name="test1" time="0.018"/>
  <system-out/>
  <testcase classname="Ignore.Enable_Ignore_Tests" name="test3">
    <skipped/>
  </testcase> <!-- test3 -->
  <system-out/>
  <testcase classname="Ignore.Enable_Ignore_Tests" name="test2">
    <skipped/>
  </testcase> <!-- test2 -->
  <system-out/>
</testsuite> <!-- Ignore.Enable_Ignore_Tests -->
