<?xml version="1.0" encoding="UTF-8"?>
<!-- Generated by org.testng.reporters.JUnitReportReporter -->
<testsuite hostname="DESKTOP-7EUDCAL" failures="0" tests="5" name="Priority.Priority" time="0.022" errors="0" timestamp="2025-06-25T22:49:42 GMT-03:00" skipped="0">
  <testcase classname="Priority.Priority" name="order" time="0.013"/>
  <system-out/>
  <testcase classname="Priority.Priority" name="filter" time="0.003"/>
  <system-out/>
  <testcase classname="Priority.Priority" name="login" time="0.002"/>
  <system-out/>
  <testcase classname="Priority.Priority" name="cart" time="0.002"/>
  <system-out/>
  <testcase classname="Priority.Priority" name="logOut" time="0.002"/>
  <system-out/>
</testsuite> <!-- Priority.Priority -->
