<?xml version="1.0" encoding="UTF-8"?>
<!-- Generated by org.testng.reporters.JUnitReportReporter -->
<testsuite hostname="DESKTOP-7EUDCAL" failures="0" tests="10" name="Invocation.InvocationTest" time="0.037" errors="0" timestamp="2025-06-25T22:55:34 GMT-03:00" skipped="0">
  <testcase classname="Invocation.InvocationTest" name="test" time="0.001"/>
  <system-out/>
  <testcase classname="Invocation.InvocationTest" name="test" time="0.001"/>
  <system-out/>
  <testcase classname="Invocation.InvocationTest" name="test" time="0.001"/>
  <system-out/>
  <testcase classname="Invocation.InvocationTest" name="test" time="0.002"/>
  <system-out/>
  <testcase classname="Invocation.InvocationTest" name="test" time="0.013"/>
  <system-out/>
  <testcase classname="Invocation.InvocationTest" name="test" time="0.003"/>
  <system-out/>
  <testcase classname="Invocation.InvocationTest" name="test" time="0.001"/>
  <system-out/>
  <testcase classname="Invocation.InvocationTest" name="test" time="0.003"/>
  <system-out/>
  <testcase classname="Invocation.InvocationTest" name="test" time="0.010"/>
  <system-out/>
  <testcase classname="Invocation.InvocationTest" name="test" time="0.002"/>
  <system-out/>
</testsuite> <!-- Invocation.InvocationTest -->
